C51 COMPILER V9.54   1602                                                                  09/22/2019 11:21:44 PAGE 1   


C51 COMPILER V9.54, COMPILATION OF MODULE 1602
OBJECT MODULE PLACED IN .\Objects\1602.obj
COMPILER INVOKED BY: D:\Keil_v3\C51\BIN\C51.EXE 1602.c OPTIMIZE(8,SPEED) BROWSE DEBUG OBJECTEXTEND PRINT(.\Listings\1602
                    -.lst) TABS(2) OBJECT(.\Objects\1602.obj)

line level    source

   1          #include <reg52.h>
   2          
   3          sbit LCD_RS = P3^5;
   4          sbit LCD_RW = P3^6;
   5          sbit LCD_EN = P3^4;
   6          
   7          #define LCD_Data  P0
   8          #define uchar unsigned char
   9          
  10          
  11          
  12          
  13          
  14          //5ms延时
  15          void Delay5Ms(void)
  16          {
  17   1       unsigned int TempCyc = 5552;
  18   1       while(TempCyc--);
  19   1      }
  20          
  21          
  22          //判断忙
  23          void JudgeBusy()
  24          {
  25   1        //51外部输入的时候必须把电平拉高，因为IO口为0的无法被拉高。
  26   1        LCD_Data = 0XFF;
  27   1        LCD_RS = 0;
  28   1        LCD_RW = 1;
  29   1        LCD_EN = 0;
  30   1        LCD_EN = 1;
  31   1        //LCD_EN = 0;
  32   1        while(LCD_Data&0X80);
  33   1      }
  34          
  35          //写命令
  36          void WriteOrder(uchar Order)
  37          {
  38   1        JudgeBusy();//检测忙
  39   1        LCD_Data = Order;
  40   1        LCD_RS = 0;
  41   1        LCD_RW = 0;
  42   1        LCD_EN = 0;
  43   1        LCD_EN = 1;
  44   1      //  LCD_EN = 0;
  45   1      }
  46          
  47          //写数据
  48          void WriteData(uchar Data)
  49          {
  50   1        JudgeBusy();//检测忙
  51   1        LCD_Data = Data;
  52   1        LCD_RS = 1;
  53   1        LCD_RW = 0;
  54   1        LCD_EN = 0;
C51 COMPILER V9.54   1602                                                                  09/22/2019 11:21:44 PAGE 2   

  55   1        LCD_EN = 1;
  56   1        //LCD_EN = 0;
  57   1      }
  58          
  59          void _1602_Init()
  60          {
  61   1        WriteOrder(0X38);
  62   1        Delay5Ms();
  63   1        WriteOrder(0X0C);//开光标 指令4
  64   1        WriteOrder(0X01);//清显示 AC=0 自动加1 指令1
  65   1      }
  66          
  67          void SendData(uchar X,uchar Y,uchar Data)
  68          {
  69   1        Y &= 0X01;//Y不能大于1
  70   1        X &= 0XFF;//X不能大于15;
  71   1        if(Y)
  72   1          X |= 0X40;//第二排地址+OX40
  73   1        X |= 0X80;//DDRAM地址DB7默认为1,7为地址
  74   1        WriteOrder(X);
  75   1        WriteData(Data);
  76   1      }
  77          
  78          
  79          //按指定位置显示一串字符
  80          void DisplayListChar(uchar X, uchar Y, uchar code *DData)
  81          {
  82   1       unsigned char ListLength;
  83   1      
  84   1        ListLength = 0;
  85   1       Y &= 0x1;
  86   1       X &= 0xF; //限制X不能大于15，Y不能大于1
  87   1       while (DData[ListLength]>=0x20) //若到达字串尾则退出 ASCII 0X20-空格
  88   1        {
  89   2         if (X <= 0xF) //X坐标应小于0xF
  90   2          {
  91   3           SendData(X, Y, DData[ListLength]); //显示单个字符
  92   3           ListLength++;
  93   3           X++;
  94   3          }
  95   2        }
  96   1      }
  97          
  98          void main()
  99          {
 100   1        uchar code a[] = {"Hello Wold"};
 101   1        _1602_Init();
 102   1        DisplayListChar(0,0,&a);
 103   1      //  SendData(0,1,0XFC);//从CGRAM中读取数据
 104   1        while(1);
 105   1      }


MODULE INFORMATION:   STATIC OVERLAYABLE
   CODE SIZE        =    171    ----
   CONSTANT SIZE    =     11    ----
   XDATA SIZE       =   ----    ----
   PDATA SIZE       =   ----    ----
   DATA SIZE        =   ----       3
   IDATA SIZE       =   ----    ----
   BIT SIZE         =   ----    ----
END OF MODULE INFORMATION.

C51 COMPILER V9.54   1602                                                                  09/22/2019 11:21:44 PAGE 3   


C51 COMPILATION COMPLETE.  0 WARNING(S),  0 ERROR(S)
